{"level":"error","message":"logger error"}
{"level":"info","message":"logger info"}
{"level":"error","message":"logger error"}
{"level":"info","message":"logger info"}
{"level":"error","message":"logger error"}
{"level":"info","message":"logger info"}
{"level":"warn","message":""}
{"level":"error","message":"logger error"}
{"level":"info","message":"logger info"}
{"level":"warn","message":"logger warn"}
{"level":"error","message":"logger error"}
{"level":"info","message":"logger info"}
{"level":"warn","message":""}
{"level":"error","message":"logger error"}
{"level":"info","message":"logger info"}
{"level":"warn","message":"logger warn"}
{"level":"error","message":"logger error"}
{"level":"info","message":"logger info"}
{"level":"warn","message":"logger warn"}
{"level":"error","message":"logger error"}
{"level":"info","message":"logger info"}
{"level":"warn","message":"logger warn"}
{"level":"error","message":"logger error"}
{"level":"info","message":"logger info"}
{"level":"warn","message":"logger warn"}
{"level":"error","message":"logger error"}
{"level":"info","message":"logger info"}
{"level":"warn","message":"logger warn"}
{"level":"error","message":"logger error"}
{"level":"info","message":"logger info"}
{"level":"warn","message":"logger warn"}
{"level":"error","message":"logger error"}
{"level":"info","message":"logger info"}
{"level":"warn","message":"logger warn"}
{"level":"error","message":"logger error"}
{"level":"info","message":"logger info"}
{"level":"warn","message":"logger warn"}
{"level":"error","message":"logger error"}
{"level":"info","message":"logger info"}
{"level":"warn","message":"logger warn"}
[31m{"level":"error","message":"logger error"}[39m
[32m{"level":"info","message":"logger info"}[39m
[33m{"level":"warn","message":"logger warn"}[39m
[31m{"level":"error","message":"logger error"}[39m
[32m{"level":"info","message":"logger info"}[39m
[33m{"level":"warn","message":"logger warn"}[39m
[31m{"level":"error","message":"logger error"}[39m
[32m{"level":"info","message":"logger info"}[39m
[33m{"level":"warn","message":"logger warn"}[39m
[31m{"level":"error","message":"logger error"}[39m
[32m{"level":"info","message":"logger info"}[39m
[33m{"level":"warn","message":"logger warn"}[39m
[31m{"level":"error","message":"logger error"}[39m
[32m{"level":"info","message":"logger info"}[39m
[33m{"level":"warn","message":"logger warn"}[39m
[31m{"level":"error","message":"logger error"}[39m
[32m{"level":"info","message":"logger info"}[39m
[33m{"level":"warn","message":"logger warn"}[39m
[31m{"level":"error","message":"logger error"}[39m
[32m{"level":"info","message":"logger info"}[39m
[33m{"level":"warn","message":"logger warn"}[39m
[34m{"level":"debug","message":""}[39m
[31m{"level":"error","message":"logger error"}[39m
[32m{"level":"info","message":"logger info"}[39m
[33m{"level":"warn","message":"logger warn"}[39m
[34m{"level":"debug","message":"logger debug"}[39m
[31m{"level":"error","message":"logger error"}[39m
[32m{"level":"info","message":"logger info"}[39m
[33m{"level":"warn","message":"logger warn"}[39m
[34m{"level":"debug","message":"logger debug"}[39m
